2025-09-16 14:54:01,375 INFO django.utils.autoreload Watching for file changes with StatReloader
2025-09-16 14:54:05,896 WARNING django.request Not Found: /
2025-09-16 14:54:06,073 WARNING django.request Not Found: /favicon.ico
2025-09-16 14:54:13,096 WARNING django.request Not Found: /
2025-09-16 14:54:13,160 WARNING django.request Not Found: /favicon.ico
2025-09-16 14:54:13,254 INFO django.utils.autoreload C:\Users\ADMIN\OneDrive\Desktop\sysco180\syscoproject\syscoapp\urls.py changed, reloading.
2025-09-16 14:54:14,579 INFO django.utils.autoreload Watching for file changes with StatReloader
2025-09-16 14:54:16,175 WARNING django.request Not Found: /favicon.ico
2025-09-16 14:54:46,847 INFO django.utils.autoreload Watching for file changes with StatReloader
2025-09-16 14:54:50,764 WARNING django.request Not Found: /favicon.ico
2025-11-18 13:09:50,926 INFO django.utils.autoreload Watching for file changes with StatReloader
2025-11-18 13:10:17,520 INFO django.utils.autoreload Watching for file changes with StatReloader
2025-11-18 13:10:39,314 INFO django.utils.autoreload Watching for file changes with StatReloader
2025-11-18 13:12:02,295 INFO django.utils.autoreload Watching for file changes with StatReloader
2025-11-18 13:15:17,925 INFO django.utils.autoreload Watching for file changes with StatReloader
2025-11-18 13:16:04,667 INFO django.utils.autoreload Watching for file changes with StatReloader
2025-11-18 13:16:10,534 WARNING django.request Not Found: /favicon.ico
2025-11-18 13:16:16,793 WARNING django.request Not Found: /logib
2025-11-18 13:16:27,053 INFO django.utils.autoreload C:\Users\ADMIN\OneDrive\Desktop\sysco180\syscoproject\user\views.py changed, reloading.
2025-11-18 13:16:28,828 INFO django.utils.autoreload Watching for file changes with StatReloader
2025-11-18 13:16:32,405 ERROR django.request Internal Server Error: /login
Traceback (most recent call last):
  File "C:\Users\ADMIN\AppData\Roaming\Python\Python313\site-packages\django\core\handlers\exception.py", line 55, in inner
    response = get_response(request)
  File "C:\Users\ADMIN\AppData\Roaming\Python\Python313\site-packages\django\core\handlers\base.py", line 197, in _get_response
    response = wrapped_callback(request, *callback_args, **callback_kwargs)
  File "C:\Users\ADMIN\OneDrive\Desktop\sysco180\syscoproject\user\views.py", line 30, in login
    return render(request,'signup_signin/login.html',context={'user':user})
                                                                     ^^^^
NameError: name 'user' is not defined
2025-11-18 13:16:32,608 WARNING django.request Not Found: /favicon.ico
2025-11-18 13:16:41,633 INFO django.utils.autoreload C:\Users\ADMIN\OneDrive\Desktop\sysco180\syscoproject\user\views.py changed, reloading.
2025-11-18 13:16:43,380 INFO django.utils.autoreload Watching for file changes with StatReloader
2025-11-18 13:16:47,167 WARNING django.request Not Found: /favicon.ico
2025-11-18 13:17:13,937 INFO django.utils.autoreload C:\Users\ADMIN\OneDrive\Desktop\sysco180\syscoproject\syscoproject\settings.py changed, reloading.
2025-11-18 13:17:15,814 INFO django.utils.autoreload Watching for file changes with StatReloader
2025-11-18 13:40:10,064 INFO django.utils.autoreload Watching for file changes with StatReloader
2025-11-18 13:43:13,631 INFO django.utils.autoreload Watching for file changes with StatReloader
2025-11-18 13:46:07,208 INFO django.utils.autoreload C:\Users\ADMIN\OneDrive\Desktop\sysco180\syscoproject\syscoproject\settings.py changed, reloading.
2025-11-18 13:46:09,531 INFO django.utils.autoreload Watching for file changes with StatReloader
2025-11-18 13:46:15,783 INFO django.utils.autoreload C:\Users\ADMIN\OneDrive\Desktop\sysco180\syscoproject\syscoproject\settings.py changed, reloading.
2025-11-18 13:46:17,914 INFO django.utils.autoreload Watching for file changes with StatReloader
2025-11-18 13:46:43,441 INFO django.utils.autoreload C:\Users\ADMIN\OneDrive\Desktop\sysco180\syscoproject\syscoproject\settings.py changed, reloading.
2025-11-18 13:46:45,297 INFO django.utils.autoreload Watching for file changes with StatReloader
